<?xml version="1.0" encoding="UTF-8"?>
<!-- Generated by org.testng.reporters.JUnitReportReporter -->
<testsuite skipped="0" hostname="DESKTOP-6QGG5LL" name="UserTests" tests="2" failures="0" timestamp="19 mar 2021 03:03:58 GMT" time="2.563" errors="0">
  <testcase name="Test_Creat_User_Already_Exist" time="1.817" classname="UserTests"/>
  <testcase name="Test_Creat_User_Successful" time="0.746" classname="UserTests"/>
</testsuite> <!-- UserTests -->
