<?xml version="1.0" encoding="UTF-8"?>
<!-- Generated by org.testng.reporters.JUnitReportReporter -->
<testsuite skipped="0" hostname="DESKTOP-6QGG5LL" name="CommentTest" tests="11" failures="0" timestamp="19 mar 2021 03:03:58 GMT" time="6.571" errors="0">
  <testcase name="Test_Creat_Comment_Unsuccessful" time="0.497" classname="CommentTest"/>
  <testcase name="Test_Delete_Comment_Success" time="0.551" classname="CommentTest"/>
  <testcase name="Test_Creat_Comment_Success" time="0.506" classname="CommentTest"/>
  <testcase name="Test_One_Comment_Success" time="0.599" classname="CommentTest"/>
  <testcase name="Test_Update_Comment_Success" time="0.500" classname="CommentTest"/>
  <testcase name="Test_last_Comments_created" time="0.592" classname="CommentTest"/>
  <testcase name="Test_One_Comment_Unsuccessful" time="0.539" classname="CommentTest"/>
  <testcase name="Test_Get_All_Comments_Success" time="0.552" classname="CommentTest"/>
  <testcase name="Test_Update_Comment_Unsuccessful" time="0.528" classname="CommentTest"/>
  <testcase name="Test_Delete_Comment_Unsuccessful" time="0.532" classname="CommentTest"/>
  <testcase name="Test_Get_All_Comments_Unsuccessful" time="1.175" classname="CommentTest"/>
</testsuite> <!-- CommentTest -->
