<?xml version="1.0" encoding="UTF-8"?>
<!-- Generated by org.testng.reporters.JUnitReportReporter -->
<testsuite skipped="0" hostname="DESKTOP-6QGG5LL" name="MiscTests" tests="2" failures="0" timestamp="19 mar 2021 03:03:58 GMT" time="2.008" errors="0">
  <testcase name="ATest_PING_ENDPOINT" time="1.430" classname="MiscTests"/>
  <testcase name="BTest_HomePage_Response" time="0.578" classname="MiscTests"/>
</testsuite> <!-- MiscTests -->
